<?xml version="1.0" encoding="UTF-8"?>
<!-- Generated by org.testng.reporters.JUnitReportReporter -->
<testsuite hostname="LAPTOP-M2A8A7B6" failures="0" tests="1" name="com.qa.test.PostAPI" time="1.810" errors="0" timestamp="2022-07-12T13:26:56 IST" skipped="0">
  <testcase classname="com.qa.test.PostAPI" name="PostApiTest" time="1.810"/>
  <system-out/>
</testsuite> <!-- com.qa.test.PostAPI -->
