<?xml version="1.0" encoding="UTF-8"?>
<!-- Generated by org.testng.reporters.JUnitReportReporter -->
<testsuite hostname="LAPTOP-M2A8A7B6" failures="0" tests="1" name="com.qa.test.GetApi" time="0.634" errors="0" timestamp="2022-07-04T20:26:38 IST" skipped="0">
  <testcase classname="com.qa.test.GetApi" name="getApiTest" time="0.634"/>
  <system-out/>
</testsuite> <!-- com.qa.test.GetApi -->
